INFO [2021-03-27 16:51:07] $x
INFO [2021-03-27 16:51:07] candidates
INFO [2021-03-27 16:51:07] 
INFO [2021-03-27 16:51:07] $filename
INFO [2021-03-27 16:51:07] NULL
INFO [2021-03-27 16:51:07] 
INFO [2021-03-27 16:51:07] $col
INFO [2021-03-27 16:51:07] [1] "transparent"
INFO [2021-03-27 16:51:07] 
INFO [2021-03-27 16:51:07] $fill
INFO [2021-03-27 16:51:07] c("coral2", "forestgreen")
INFO [2021-03-27 16:51:07] 
INFO [2021-03-27 16:51:07] $alpha
INFO [2021-03-27 16:51:07] [1] 0.5
INFO [2021-03-27 16:51:07] 
INFO [2021-03-27 16:51:07] $cex
INFO [2021-03-27 16:51:07] [1] 2.5
INFO [2021-03-27 16:51:07] 
INFO [2021-03-27 16:51:07] $fontfamily
INFO [2021-03-27 16:51:07] [1] "sans"
INFO [2021-03-27 16:51:07] 
INFO [2021-03-27 16:51:07] $fontface
INFO [2021-03-27 16:51:07] [1] "bold"
INFO [2021-03-27 16:51:07] 
INFO [2021-03-27 16:51:07] $cat.default.pos
INFO [2021-03-27 16:51:07] [1] "text"
INFO [2021-03-27 16:51:07] 
INFO [2021-03-27 16:51:07] $cat.col
INFO [2021-03-27 16:51:07] c("darkred", "darkgreen")
INFO [2021-03-27 16:51:07] 
INFO [2021-03-27 16:51:07] $cat.cex
INFO [2021-03-27 16:51:07] [1] 2.5
INFO [2021-03-27 16:51:07] 
INFO [2021-03-27 16:51:07] $cat.fontfamily
INFO [2021-03-27 16:51:07] [1] "sans"
INFO [2021-03-27 16:51:07] 
INFO [2021-03-27 16:51:07] $cat.dist
INFO [2021-03-27 16:51:07] c(0.08, 0.08)
INFO [2021-03-27 16:51:07] 
INFO [2021-03-27 16:51:07] $cat.pos
INFO [2021-03-27 16:51:07] [1] 1
INFO [2021-03-27 16:51:07] 
