INFO [2021-03-27 16:52:15] $x
INFO [2021-03-27 16:52:15] candidates
INFO [2021-03-27 16:52:15] 
INFO [2021-03-27 16:52:15] $filename
INFO [2021-03-27 16:52:15] NULL
INFO [2021-03-27 16:52:15] 
INFO [2021-03-27 16:52:15] $col
INFO [2021-03-27 16:52:15] [1] "transparent"
INFO [2021-03-27 16:52:15] 
INFO [2021-03-27 16:52:15] $fill
INFO [2021-03-27 16:52:15] c("coral2", "forestgreen")
INFO [2021-03-27 16:52:15] 
INFO [2021-03-27 16:52:15] $alpha
INFO [2021-03-27 16:52:15] [1] 0.5
INFO [2021-03-27 16:52:15] 
INFO [2021-03-27 16:52:15] $cex
INFO [2021-03-27 16:52:15] [1] 2.5
INFO [2021-03-27 16:52:15] 
INFO [2021-03-27 16:52:15] $fontfamily
INFO [2021-03-27 16:52:15] [1] "sans"
INFO [2021-03-27 16:52:15] 
INFO [2021-03-27 16:52:15] $fontface
INFO [2021-03-27 16:52:15] [1] "bold"
INFO [2021-03-27 16:52:15] 
INFO [2021-03-27 16:52:15] $cat.default.pos
INFO [2021-03-27 16:52:15] [1] "text"
INFO [2021-03-27 16:52:15] 
INFO [2021-03-27 16:52:15] $cat.col
INFO [2021-03-27 16:52:15] c("darkred", "darkgreen")
INFO [2021-03-27 16:52:15] 
INFO [2021-03-27 16:52:15] $cat.cex
INFO [2021-03-27 16:52:15] [1] 2.5
INFO [2021-03-27 16:52:15] 
INFO [2021-03-27 16:52:15] $cat.fontfamily
INFO [2021-03-27 16:52:15] [1] "sans"
INFO [2021-03-27 16:52:15] 
INFO [2021-03-27 16:52:15] $cat.dist
INFO [2021-03-27 16:52:15] c(0.08, 0.08)
INFO [2021-03-27 16:52:15] 
INFO [2021-03-27 16:52:15] $cat.pos
INFO [2021-03-27 16:52:15] [1] 1
INFO [2021-03-27 16:52:15] 
ERROR [2021-03-27 16:52:15] Unexpected parameter length for 'fill'
