INFO [2021-03-27 06:50:37] $x
INFO [2021-03-27 06:50:37] candidates
INFO [2021-03-27 06:50:37] 
INFO [2021-03-27 06:50:37] $filename
INFO [2021-03-27 06:50:37] NULL
INFO [2021-03-27 06:50:37] 
INFO [2021-03-27 06:50:37] $col
INFO [2021-03-27 06:50:37] [1] "transparent"
INFO [2021-03-27 06:50:37] 
INFO [2021-03-27 06:50:37] $fill
INFO [2021-03-27 06:50:37] c("coral2", "forestgreen")
INFO [2021-03-27 06:50:37] 
INFO [2021-03-27 06:50:37] $alpha
INFO [2021-03-27 06:50:37] [1] 0.5
INFO [2021-03-27 06:50:37] 
INFO [2021-03-27 06:50:37] $cex
INFO [2021-03-27 06:50:37] [1] 2.5
INFO [2021-03-27 06:50:37] 
INFO [2021-03-27 06:50:37] $fontfamily
INFO [2021-03-27 06:50:37] [1] "sans"
INFO [2021-03-27 06:50:37] 
INFO [2021-03-27 06:50:37] $fontface
INFO [2021-03-27 06:50:37] [1] "bold"
INFO [2021-03-27 06:50:37] 
INFO [2021-03-27 06:50:37] $cat.default.pos
INFO [2021-03-27 06:50:37] [1] "text"
INFO [2021-03-27 06:50:37] 
INFO [2021-03-27 06:50:37] $cat.col
INFO [2021-03-27 06:50:37] c("darkred", "darkgreen")
INFO [2021-03-27 06:50:37] 
INFO [2021-03-27 06:50:37] $cat.cex
INFO [2021-03-27 06:50:37] [1] 2.5
INFO [2021-03-27 06:50:37] 
INFO [2021-03-27 06:50:37] $cat.fontfamily
INFO [2021-03-27 06:50:37] [1] "sans"
INFO [2021-03-27 06:50:37] 
INFO [2021-03-27 06:50:37] $cat.dist
INFO [2021-03-27 06:50:37] c(0.08, 0.08)
INFO [2021-03-27 06:50:37] 
INFO [2021-03-27 06:50:37] $cat.pos
INFO [2021-03-27 06:50:37] [1] 1
INFO [2021-03-27 06:50:37] 
ERROR [2021-03-27 06:50:37] Unexpected parameter length for 'fill'
