INFO [2021-03-28 20:55:30] $x
INFO [2021-03-28 20:55:30] candidates
INFO [2021-03-28 20:55:30] 
INFO [2021-03-28 20:55:30] $filename
INFO [2021-03-28 20:55:30] NULL
INFO [2021-03-28 20:55:30] 
INFO [2021-03-28 20:55:30] $col
INFO [2021-03-28 20:55:30] [1] "transparent"
INFO [2021-03-28 20:55:30] 
INFO [2021-03-28 20:55:30] $fill
INFO [2021-03-28 20:55:30] c("coral2", "forestgreen")
INFO [2021-03-28 20:55:30] 
INFO [2021-03-28 20:55:30] $alpha
INFO [2021-03-28 20:55:30] [1] 0.5
INFO [2021-03-28 20:55:30] 
INFO [2021-03-28 20:55:30] $cex
INFO [2021-03-28 20:55:30] [1] 2.5
INFO [2021-03-28 20:55:30] 
INFO [2021-03-28 20:55:30] $fontfamily
INFO [2021-03-28 20:55:30] [1] "sans"
INFO [2021-03-28 20:55:30] 
INFO [2021-03-28 20:55:30] $fontface
INFO [2021-03-28 20:55:30] [1] "bold"
INFO [2021-03-28 20:55:30] 
INFO [2021-03-28 20:55:30] $cat.default.pos
INFO [2021-03-28 20:55:30] [1] "text"
INFO [2021-03-28 20:55:30] 
INFO [2021-03-28 20:55:30] $cat.col
INFO [2021-03-28 20:55:30] c("darkred", "darkgreen")
INFO [2021-03-28 20:55:30] 
INFO [2021-03-28 20:55:30] $cat.cex
INFO [2021-03-28 20:55:30] [1] 2.5
INFO [2021-03-28 20:55:30] 
INFO [2021-03-28 20:55:30] $cat.fontfamily
INFO [2021-03-28 20:55:30] [1] "sans"
INFO [2021-03-28 20:55:30] 
INFO [2021-03-28 20:55:30] $cat.dist
INFO [2021-03-28 20:55:30] c(0.08, 0.08)
INFO [2021-03-28 20:55:30] 
INFO [2021-03-28 20:55:30] $cat.pos
INFO [2021-03-28 20:55:30] [1] 1
INFO [2021-03-28 20:55:30] 
